\BOOKMARK [1][-]{section.0}{Introduction}{}% 1
\BOOKMARK [2][-]{subsection.0.1}{Units}{section.0}% 2
\BOOKMARK [2][-]{subsection.0.2}{Newtonian Gravity}{section.0}% 3
\BOOKMARK [2][-]{subsection.0.3}{Gravitational Waves}{section.0}% 4
\BOOKMARK [1][-]{section.1}{Special Relativity Recap}{}% 5
\BOOKMARK [2][-]{subsection.1.1}{Galilean Transformations}{section.1}% 6
\BOOKMARK [2][-]{subsection.1.2}{The Lorentz transformation}{section.1}% 7
\BOOKMARK [2][-]{subsection.1.3}{Spacetime diagrams}{section.1}% 8
\BOOKMARK [2][-]{subsection.1.4}{Relativistic kinematics}{section.1}% 9
\BOOKMARK [1][-]{section.2}{Differential Geometry}{}% 10
\BOOKMARK [2][-]{subsection.2.1}{Manifolds and Coordinates}{section.2}% 11
\BOOKMARK [2][-]{subsection.2.2}{Vector and Tensor Algebra}{section.2}% 12
\BOOKMARK [2][-]{subsection.2.3}{Vector and Tensor Calculus on Manifolds}{section.2}% 13
\BOOKMARK [1][-]{section.3}{More on Special Relativity}{}% 14
\BOOKMARK [2][-]{subsection.3.1}{Minkowski Spacetime and Particle Dynamics}{section.3}% 15
\BOOKMARK [2][-]{subsection.3.2}{Electromagnetism}{section.3}% 16
\BOOKMARK [1][-]{section.4}{Spacetime Curvature}{}% 17
\BOOKMARK [1][-]{section.5}{Gravitational Field Equations}{}% 18
\BOOKMARK [1][-]{section.6}{Schwarzschild Solution}{}% 19
\BOOKMARK [1][-]{section.7}{Classic Tests of General Relativity}{}% 20
\BOOKMARK [1][-]{section.8}{Cosmology}{}% 21
